<?xml version="1.0" encoding="UTF-8"?>
<testsuite xmlns:xsi="http://www.w3.org/2001/XMLSchema-instance" xsi:noNamespaceSchemaLocation="https://maven.apache.org/surefire/maven-surefire-plugin/xsd/surefire-test-report-3.0.xsd" version="3.0" name="com.stengg.mss.dao.AssetDaoTest" time="1.311" tests="3" errors="0" skipped="1" failures="0">
  <properties>
[...]
</properties>
  <testcase name="test1" classname="com.stengg.mss.dao.AssetDaoTest" time="0.761">
    <system-out><![CDATA[[INFO ] 2022-10-25 17:25:50.364 [main] AssetDaoTest -  asset num >> 0
[ERROR] 2022-10-25 17:25:50.364 [main] AssetDaoTest - test1expected: <true> but was: <false>
]]></system-out>
  </testcase>
  <testcase name="test2" classname="com.stengg.mss.dao.AssetDaoTest" time="0">
    <skipped message="public void com.stengg.mss.dao.AssetDaoTest.test2() is @Disabled"/>
  </testcase>
  <testcase name="test3" classname="com.stengg.mss.dao.AssetDaoTest" time="0.059">
    <system-out><![CDATA[[INFO ] 2022-10-25 17:25:50.424 [main] AssetDaoTest -  asset return >> id = 14 name = abc1234 description = model ABC, RAM 32GB, INTEL 7 serialAlphaNumber = Tue Oct 25 00:00:00 SGT 2022 createdDate = Sun Sep 25 00:00:00 SGT 2022 status = enabled
]]></system-out>
  </testcase>
</testsuite>